# JRE version: OpenJDK Runtime Environment Temurin-21.0.6+7 (21.0.6+7) (build 21.0.6+7-LTS)
# Java VM: OpenJDK 64-Bit Server VM Temurin-21.0.6+7 (21.0.6+7-LTS, mixed mode, emulated-client, sharing, tiered, compressed oops, compressed class ptrs, g1 gc, windows-amd64)
GC Precious Log:
 CardTable entry size: 512
 Card Set container configuration: InlinePtr #cards 5 size 8 Array Of Cards #cards 12 size 40 Howl #buckets 4 coarsen threshold 1843 Howl Bitmap #cards 512 size 80 coarsen threshold 460 Card regions per heap region 1 cards per card region 2048
 CPUs: 4 total, 4 available
 Memory: 8089M
 Large Page Support: Disabled
 NUMA Support: Disabled
 Compressed Oops: Enabled (32-bit)
 Heap Region Size: 1M
 Heap Min Capacity: 8M
 Heap Initial Capacity: 128M
 Heap Max Capacity: 2024M
 Pre-touch: Disabled
 Parallel Workers: 4
 Concurrent Workers: 1
 Concurrent Refinement Workers: 4
 Periodic GC: Disabled
Heap:
 garbage-first heap   total 59392K, used 32547K [0x0000000081800000, 0x0000000100000000)
  region size 1024K, 12 young (12288K), 3 survivors (3072K)
 Metaspace       used 44726K, committed 45440K, reserved 1114112K
  class space    used 5841K, committed 6208K, reserved 1048576K
GC Heap History (20 events):
Event: 10.788 GC heap before
{Heap before GC invocations=16 (full 0):
 garbage-first heap   total 49152K, used 42625K [0x0000000081800000, 0x0000000100000000)
  region size 1024K, 23 young (23552K), 2 survivors (2048K)
 Metaspace       used 41602K, committed 42304K, reserved 1114112K
  class space    used 5453K, committed 5760K, reserved 1048576K
}
Event: 10.795 GC heap after
{Heap after GC invocations=17 (full 0):
 garbage-first heap   total 59392K, used 23063K [0x0000000081800000, 0x0000000100000000)
  region size 1024K, 3 young (3072K), 3 survivors (3072K)
 Metaspace       used 41602K, committed 42304K, reserved 1114112K
  class space    used 5453K, committed 5760K, reserved 1048576K
}
Event: 513.292 GC heap before
{Heap before GC invocations=17 (full 0):
 garbage-first heap   total 59392K, used 51735K [0x0000000081800000, 0x0000000100000000)
  region size 1024K, 31 young (31744K), 3 survivors (3072K)
 Metaspace       used 42621K, committed 43264K, reserved 1114112K
  class space    used 5580K, committed 5888K, reserved 1048576K
}
Event: 513.298 GC heap after
{Heap after GC invocations=18 (full 0):
 garbage-first heap   total 59392K, used 23677K [0x0000000081800000, 0x0000000100000000)
  region size 1024K, 2 young (2048K), 2 survivors (2048K)
 Metaspace       used 42621K, committed 43264K, reserved 1114112K
  class space    used 5580K, committed 5888K, reserved 1048576K
}
Event: 597.458 GC heap before
{Heap before GC invocations=18 (full 0):
 garbage-first heap   total 59392K, used 43133K [0x0000000081800000, 0x0000000100000000)
  region size 1024K, 23 young (23552K), 2 survivors (2048K)
 Metaspace       used 44605K, committed 45312K, reserved 1114112K
  class space    used 5857K, committed 6208K, reserved 1048576K
}
Event: 597.543 GC heap after
{Heap after GC invocations=19 (full 1):
 garbage-first heap   total 59392K, used 16646K [0x0000000081800000, 0x0000000100000000)
  region size 1024K, 0 young (0K), 0 survivors (0K)
 Metaspace       used 44279K, committed 45312K, reserved 1114112K
  class space    used 5776K, committed 6208K, reserved 1048576K
}
Event: 599.451 GC heap before
{Heap before GC invocations=19 (full 1):
 garbage-first heap   total 59392K, used 50438K [0x0000000081800000, 0x0000000100000000)
  region size 1024K, 34 young (34816K), 0 survivors (0K)
 Metaspace       used 44440K, committed 45312K, reserved 1114112K
  class space    used 5811K, committed 6208K, reserved 1048576K
}
Event: 599.457 GC heap after
{Heap after GC invocations=20 (full 1):
 garbage-first heap   total 59392K, used 20484K [0x0000000081800000, 0x0000000100000000)
  region size 1024K, 4 young (4096K), 4 survivors (4096K)
 Metaspace       used 44440K, committed 45312K, reserved 1114112K
  class space    used 5811K, committed 6208K, reserved 1048576K
}
Event: 646.224 GC heap before
{Heap before GC invocations=20 (full 1):
 garbage-first heap   total 59392K, used 43012K [0x0000000081800000, 0x0000000100000000)
  region size 1024K, 27 young (27648K), 4 survivors (4096K)
 Metaspace       used 44641K, committed 45312K, reserved 1114112K
  class space    used 5846K, committed 6208K, reserved 1048576K
}
Event: 646.305 GC heap after
{Heap after GC invocations=21 (full 2):
 garbage-first heap   total 59392K, used 20920K [0x0000000081800000, 0x0000000100000000)
  region size 1024K, 0 young (0K), 0 survivors (0K)
 Metaspace       used 44545K, committed 45312K, reserved 1114112K
  class space    used 5820K, committed 6208K, reserved 1048576K
}
Event: 647.240 GC heap before
{Heap before GC invocations=21 (full 2):
 garbage-first heap   total 59392K, used 51640K [0x0000000081800000, 0x0000000100000000)
  region size 1024K, 30 young (30720K), 0 survivors (0K)
 Metaspace       used 44617K, committed 45312K, reserved 1114112K
  class space    used 5832K, committed 6208K, reserved 1048576K
}
Event: 647.245 GC heap after
{Heap after GC invocations=22 (full 2):
 garbage-first heap   total 59392K, used 23918K [0x0000000081800000, 0x0000000100000000)
  region size 1024K, 3 young (3072K), 3 survivors (3072K)
 Metaspace       used 44617K, committed 45312K, reserved 1114112K
  class space    used 5832K, committed 6208K, reserved 1048576K
}
Event: 824.740 GC heap before
{Heap before GC invocations=22 (full 2):
 garbage-first heap   total 59392K, used 49518K [0x0000000081800000, 0x0000000100000000)
  region size 1024K, 29 young (29696K), 3 survivors (3072K)
 Metaspace       used 44708K, committed 45376K, reserved 1114112K
  class space    used 5839K, committed 6208K, reserved 1048576K
}
Event: 824.757 GC heap after
{Heap after GC invocations=23 (full 2):
 garbage-first heap   total 59392K, used 25498K [0x0000000081800000, 0x0000000100000000)
  region size 1024K, 3 young (3072K), 3 survivors (3072K)
 Metaspace       used 44708K, committed 45376K, reserved 1114112K
  class space    used 5839K, committed 6208K, reserved 1048576K
}
Event: 1477.673 GC heap before
{Heap before GC invocations=23 (full 2):
 garbage-first heap   total 59392K, used 49050K [0x0000000081800000, 0x0000000100000000)
  region size 1024K, 26 young (26624K), 3 survivors (3072K)
 Metaspace       used 44708K, committed 45376K, reserved 1114112K
  class space    used 5839K, committed 6208K, reserved 1048576K
}
Event: 1477.678 GC heap after
{Heap after GC invocations=24 (full 2):
 garbage-first heap   total 59392K, used 25097K [0x0000000081800000, 0x0000000100000000)
  region size 1024K, 2 young (2048K), 2 survivors (2048K)
 Metaspace       used 44708K, committed 45376K, reserved 1114112K
  class space    used 5839K, committed 6208K, reserved 1048576K
}
Event: 2187.223 GC heap before
{Heap before GC invocations=24 (full 2):
 garbage-first heap   total 59392K, used 50697K [0x0000000081800000, 0x0000000100000000)
  region size 1024K, 27 young (27648K), 2 survivors (2048K)
 Metaspace       used 44708K, committed 45376K, reserved 1114112K
  class space    used 5839K, committed 6208K, reserved 1048576K
}
Event: 2187.232 GC heap after
{Heap after GC invocations=25 (full 2):
 garbage-first heap   total 59392K, used 25003K [0x0000000081800000, 0x0000000100000000)
  region size 1024K, 2 young (2048K), 2 survivors (2048K)
 Metaspace       used 44708K, committed 45376K, reserved 1114112K
  class space    used 5839K, committed 6208K, reserved 1048576K
}
Event: 2779.206 GC heap before
{Heap before GC invocations=25 (full 2):
 garbage-first heap   total 59392K, used 50603K [0x0000000081800000, 0x0000000100000000)
  region size 1024K, 27 young (27648K), 2 survivors (2048K)
 Metaspace       used 44708K, committed 45376K, reserved 1114112K
  class space    used 5839K, committed 6208K, reserved 1048576K
}
Event: 2779.214 GC heap after
{Heap after GC invocations=26 (full 2):
 garbage-first heap   total 59392K, used 25379K [0x0000000081800000, 0x0000000100000000)
  region size 1024K, 3 young (3072K), 3 survivors (3072K)
 Metaspace       used 44708K, committed 45376K, reserved 1114112K
  class space    used 5839K, committed 6208K, reserved 1048576K
}

